Error finding BPF map /sys/fs/bpf/from_nex_runtime_event_q
Error finding BPF map /sys/fs/bpf/to_nex_runtime_event_q
shm_path: /nex_mmio_regions
/nex_mmio_regions sb.st_size: 163840
Memory mapped at address 0x76a009688000, size 163840 bytes.
LD_PRELOAD
Using 8 threads
jpeg driver shm_path: /nex_mmio_regions
/nex_mmio_regions sb.st_size: 163840
Memory mapped at address 0x76a009660000, size 163840 bytes.
device not set, defaults to 0
jpeg driver sched_reg->lock 0
jpeg driver sched_reg->unlock 0
jpeg driver shm_path: jpeg_nex_dma_0
jpeg_nex_dma_0 sb.st_size: 536870912
Memory mapped at address 0x769e0c400000, size 536870912 bytes.
jpeg driver shm_path: jpeg_nex_dma_1
jpeg_nex_dma_1 sb.st_size: 536870912
Memory mapped at address 0x769dec400000, size 536870912 bytes.
jpeg driver shm_path: jpeg_nex_dma_2
jpeg_nex_dma_2 sb.st_size: 536870912
Memory mapped at address 0x769dcc400000, size 536870912 bytes.
jpeg driver shm_path: jpeg_nex_dma_3
jpeg_nex_dma_3 sb.st_size: 536870912
Memory mapped at address 0x769dac400000, size 536870912 bytes.
jpeg driver shm_path: jpeg_nex_dma_4
jpeg_nex_dma_4 sb.st_size: 536870912
Memory mapped at address 0x769d8c400000, size 536870912 bytes.
jpeg driver shm_path: jpeg_nex_dma_5
jpeg_nex_dma_5 sb.st_size: 536870912
Memory mapped at address 0x769d6c400000, size 536870912 bytes.
jpeg driver shm_path: jpeg_nex_dma_6
jpeg_nex_dma_6 sb.st_size: 536870912
Memory mapped at address 0x769d4c400000, size 536870912 bytes.
jpeg driver shm_path: jpeg_nex_dma_7
jpeg_nex_dma_7 sb.st_size: 536870912
Memory mapped at address 0x769d2c400000, size 536870912 bytes.
start time 57
Successfully loaded image with size: 26528
Thread (device 0) decoding image "/home/jiacma/new-NEX/test/data/1.jpg"
Decoding JPEG
Addr: 130421182431232
Dst: 0x769e0c4067a0
Size: 2147510176
Successfully loaded image with size: 115869
Thread (device 1) decoding image "/home/jiacma/new-NEX/test/data/13.jpg"
Decoding JPEG
Addr: 130420645560320
Dst: 0x769dec41c49d
Size: 2147599517
Successfully loaded image with size: 71219
Thread (device 3) decoding image "/home/jiacma/new-NEX/test/data/15.jpg"
Decoding JPEG
Successfully loaded image with size: 185624
Addr: 130419571818496
Dst: 0x769dac411633
Thread (device 2) decoding image "/home/jiacma/new-NEX/test/data/14.jpg"
Size: 2147554867
Decoding JPEG
Addr: 130420108689408
Successfully loaded image with size: 17137
Successfully loaded image with size: 82537
Dst: 0x769dcc42d518
Thread (device 5) decoding image "/home/jiacma/new-NEX/test/data/20.jpg"
Thread (device 4) decoding image "/home/jiacma/new-NEX/test/data/16.jpg"
Size: 2147669272
Decoding JPEG
Addr: 130418498076672
Decoding JPEG
Addr: 130419034947584
Dst: 0x769d6c4042f1
Size: 2147500785
Dst: 0x769d8c414269
Size: 2147566185
Successfully loaded image with size: 68385
Thread (device 6) decoding image "/home/jiacma/new-NEX/test/data/21.jpg"
Successfully loaded image with size: 38245
Thread (device 7) decoding image "/home/jiacma/new-NEX/test/data/22.jpg"
Decoding JPEG
Addr: 130417961205760
Decoding JPEG
Addr: 130417424334848
Dst: 0x769d4c410b21
Size: 2147552033
Dst: 0x769d2c409565
Size: 2147521893
Thread (device 5) finished decoding image "/home/jiacma/new-NEX/test/data/20.jpg", duration 2015 
value of width and height 171, 171
Thread (device 5) finished post_processing, duration 196 
Successfully loaded image with size: 62344
Thread (device 5) decoding image "/home/jiacma/new-NEX/test/data/23.jpg"
Decoding JPEG
Addr: 130418498076672
Dst: 0x769d6c40f388
Size: 2147545992
Thread (device 6) finished decoding image "/home/jiacma/new-NEX/test/data/21.jpg", duration 4443 
value of width and height 683, 683
Thread (device 7) finished decoding image "/home/jiacma/new-NEX/test/data/22.jpg", duration 4828 
value of width and height 382, 382
Thread (device 0) finished decoding image "/home/jiacma/new-NEX/test/data/1.jpg", duration 5250 
value of width and height 265, 265
Thread (device 0) finished post_processing, duration 496 
Successfully loaded image with size: 11863
Thread (device 0) decoding image "/home/jiacma/new-NEX/test/data/24.jpg"
Decoding JPEG
Addr: 130421182431232
Dst: 0x769e0c402e57
Size: 2147495511
Thread (device 7) finished post_processing, duration 1112 
Successfully loaded image with size: 198700
Thread (device 7) decoding image "/home/jiacma/new-NEX/test/data/25.jpg"
Decoding JPEG
Addr: 130417424334848
Dst: 0x769d2c43082c
Size: 2147682348
Thread (device 3) finished decoding image "/home/jiacma/new-NEX/test/data/15.jpg", duration 6857 
value of width and height 712, 712
Thread (device 0) finished decoding image "/home/jiacma/new-NEX/test/data/24.jpg", duration 2022 
value of width and height 118, 118
Thread (device 0) finished post_processing, duration 103 
Successfully loaded image with size: 166774
Thread (device 0) decoding image "/home/jiacma/new-NEX/test/data/26.jpg"
Decoding JPEG
Addr: 130421182431232
Dst: 0x769e0c428b76
Size: 2147650422
Thread (device 6) finished post_processing, duration 3730 
Successfully loaded image with size: 24212
Thread (device 6) decoding image "/home/jiacma/new-NEX/test/data/27.jpg"
Decoding JPEG
Addr: 130417961205760
Dst: 0x769d4c405e94
Size: 2147507860
Thread (device 4) finished decoding image "/home/jiacma/new-NEX/test/data/16.jpg", duration 8466 
value of width and height 825, 825
Thread (device 5) finished decoding image "/home/jiacma/new-NEX/test/data/23.jpg", duration 7659 
value of width and height 623, 623
Thread (device 3) finished post_processing, duration 3294 
Successfully loaded image with size: 880207
Thread (device 3) decoding image "/home/jiacma/new-NEX/test/data/29.jpg"
Decoding JPEG
Addr: 130419571818496
Thread (device 6) finished decoding image "/home/jiacma/new-NEX/test/data/27.jpg", duration 2020 
value of width and height 242, 242
Dst: 0x769dac4d6e4f
Size: 2148363855
Thread (device 6) finished post_processing, duration 444 
Successfully loaded image with size: 181957
Thread (device 6) decoding image "/home/jiacma/new-NEX/test/data/32.jpg"
Decoding JPEG
Addr: 130417961205760
Dst: 0x769d4c42c6c5
Size: 2147665605
Thread (device 5) finished post_processing, duration 2514 
Successfully loaded image with size: 112308
Thread (device 5) decoding image "/home/jiacma/new-NEX/test/data/33.jpg"
Decoding JPEG
Addr: 130418498076672
Dst: 0x769d6c41b6b4
Size: 2147595956
Thread (device 4) finished post_processing, duration 5391 
Successfully loaded image with size: 120907
Thread (device 4) decoding image "/home/jiacma/new-NEX/test/data/34.jpg"
Decoding JPEG
Addr: 130419034947584
Dst: 0x769d8c41d84b
Size: 2147604555
Thread (device 5) finished decoding image "/home/jiacma/new-NEX/test/data/33.jpg", duration 10043 
value of width and height 1123, 1123
Thread (device 1) finished decoding image "/home/jiacma/new-NEX/test/data/13.jpg", duration 23723 
value of width and height 1158, 1158
Thread (device 5) finished post_processing, duration 8067 
Successfully loaded image with size: 246328
Thread (device 5) decoding image "/home/jiacma/new-NEX/test/data/36.jpg"
Decoding JPEG
Addr: 130418498076672
Dst: 0x769d6c43c238
Size: 2147729976
Thread (device 1) finished post_processing, duration 10164 
Successfully loaded image with size: 499064
Thread (device 1) decoding image "/home/jiacma/new-NEX/test/data/37.jpg"
Decoding JPEG
Addr: 130420645560320
Dst: 0x769dec479d78
Size: 2147982712
Thread (device 0) finished decoding image "/home/jiacma/new-NEX/test/data/26.jpg", duration 26582 
value of width and height 1667, 1667
Thread (device 6) finished decoding image "/home/jiacma/new-NEX/test/data/32.jpg", duration 24178 
value of width and height 1819, 1819
Thread (device 4) finished decoding image "/home/jiacma/new-NEX/test/data/34.jpg", duration 25385 
value of width and height 1209, 1209
Thread (device 2) finished decoding image "/home/jiacma/new-NEX/test/data/14.jpg", duration 42328 
value of width and height 1856, 1856
Thread (device 7) finished decoding image "/home/jiacma/new-NEX/test/data/25.jpg", duration 41016 
value of width and height 1987, 1987
Thread (device 4) finished post_processing, duration 11039 
Successfully loaded image with size: 877570
Thread (device 4) decoding image "/home/jiacma/new-NEX/test/data/39.jpg"
Decoding JPEG
Addr: 130419034947584
Dst: 0x769d8c4d6402
Size: 2148361218
Thread (device 0) finished post_processing, duration 18283 
Thread (device 5) finished decoding image "/home/jiacma/new-NEX/test/data/36.jpg", duration 22139 
value of width and height 2048, 2048
Successfully loaded image with size: 468086
Thread (device 0) decoding image "/home/jiacma/new-NEX/test/data/40.jpg"
Decoding JPEG
Addr: 130421182431232
Dst: 0x769e0c472476
Size: 2147951734
Thread (device 6) finished post_processing, duration 23921 
Successfully loaded image with size: 111871
Thread (device 6) decoding image "/home/jiacma/new-NEX/test/data/41.jpg"
Decoding JPEG
Addr: 130417961205760
Dst: 0x769d4c41b4ff
Size: 2147595519
Thread (device 2) finished post_processing, duration 23323 
Successfully loaded image with size: 149973
Thread (device 2) decoding image "/home/jiacma/new-NEX/test/data/42.jpg"
Decoding JPEG
Addr: 130420108689408
Dst: 0x769dcc4249d5
Size: 2147633621
Thread (device 3) finished decoding image "/home/jiacma/new-NEX/test/data/29.jpg", duration 62418 
value of width and height 2048, 2048
Thread (device 6) finished decoding image "/home/jiacma/new-NEX/test/data/41.jpg", duration 14509 
value of width and height 1118, 1118
Thread (device 7) finished post_processing, duration 29706 
Successfully loaded image with size: 394626
Thread (device 7) decoding image "/home/jiacma/new-NEX/test/data/43.jpg"
Decoding JPEG
Addr: 130417424334848
Dst: 0x769d2c460582
Size: 2147878274
Thread (device 5) finished post_processing, duration 26184 
Successfully loaded image with size: 90101
Thread (device 5) decoding image "/home/jiacma/new-NEX/test/data/44.jpg"
Decoding JPEG
Addr: 130418498076672
Dst: 0x769d6c415ff5
Size: 2147573749
Thread (device 6) finished post_processing, duration 8747 
Successfully loaded image with size: 91925
Thread (device 6) decoding image "/home/jiacma/new-NEX/test/data/45.jpg"
Decoding JPEG
Addr: 130417961205760
Dst: 0x769d4c416715
Size: 2147575573
Thread (device 2) finished decoding image "/home/jiacma/new-NEX/test/data/42.jpg", duration 27402 
value of width and height 1499, 1499
Thread (device 6) finished decoding image "/home/jiacma/new-NEX/test/data/45.jpg", duration 11688 
value of width and height 919, 919
Thread (device 0) finished decoding image "/home/jiacma/new-NEX/test/data/40.jpg", duration 44727 
value of width and height 2048, 2048
Thread (device 3) finished post_processing, duration 25941 
Successfully loaded image with size: 80142
Thread (device 3) decoding image "/home/jiacma/new-NEX/test/data/46.jpg"
Decoding JPEG
Addr: 130419571818496
Dst: 0x769dac41390e
Size: 2147563790
Thread (device 6) finished post_processing, duration 6601 
Successfully loaded image with size: 456473
Thread (device 6) decoding image "/home/jiacma/new-NEX/test/data/47.jpg"
Decoding JPEG
Addr: 130417961205760
Dst: 0x769d4c46f719
Size: 2147940121
Thread (device 5) finished decoding image "/home/jiacma/new-NEX/test/data/44.jpg", duration 23768 
value of width and height 901, 901
Thread (device 3) finished decoding image "/home/jiacma/new-NEX/test/data/46.jpg", duration 8056 
value of width and height 801, 801
Thread (device 2) finished post_processing, duration 14547 
Successfully loaded image with size: 299424
Thread (device 2) decoding image "/home/jiacma/new-NEX/test/data/48.jpg"
Decoding JPEG
Addr: 130420108689408
Dst: 0x769dcc4491a0
Size: 2147783072
Thread (device 5) finished post_processing, duration 5274 
Successfully loaded image with size: 2036780
Thread (device 5) decoding image "/home/jiacma/new-NEX/test/data/49.jpg"
Decoding JPEG
Addr: 130418498076672
Dst: 0x769d6c5f142c
Size: 2149520428
Thread (device 3) finished post_processing, duration 4464 
Successfully loaded image with size: 59410
Thread (device 3) decoding image "/home/jiacma/new-NEX/test/data/5.jpg"
Decoding JPEG
Addr: 130419571818496
Dst: 0x769dac40e812
Size: 2147543058
Thread (device 3) finished decoding image "/home/jiacma/new-NEX/test/data/5.jpg", duration 5241 
value of width and height 594, 594
Thread (device 3) finished post_processing, duration 2103 
Successfully loaded image with size: 109529
Thread (device 3) decoding image "/home/jiacma/new-NEX/test/data/51.jpg"
Decoding JPEG
Addr: 130419571818496
Dst: 0x769dac41abd9
Size: 2147593177
Thread (device 4) finished decoding image "/home/jiacma/new-NEX/test/data/39.jpg", duration 74953 
value of width and height 2048, 2048
Thread (device 0) finished post_processing, duration 28719 
Successfully loaded image with size: 1975045
Thread (device 0) decoding image "/home/jiacma/new-NEX/test/data/52.jpg"
Decoding JPEG
Addr: 130421182431232
Dst: 0x769e0c5e2305
Size: 2149458693
Thread (device 3) finished decoding image "/home/jiacma/new-NEX/test/data/51.jpg", duration 8478 
value of width and height 1095, 1095
Thread (device 6) finished decoding image "/home/jiacma/new-NEX/test/data/47.jpg", duration 29844 
value of width and height 2048, 2048
Thread (device 7) finished decoding image "/home/jiacma/new-NEX/test/data/43.jpg", duration 55588 
value of width and height 2048, 2048
Thread (device 3) finished post_processing, duration 6486 
Successfully loaded image with size: 69725
Thread (device 3) decoding image "/home/jiacma/new-NEX/test/data/6.jpg"
Decoding JPEG
Addr: 130419571818496
Dst: 0x769dac41105d
Size: 2147553373
Thread (device 2) finished decoding image "/home/jiacma/new-NEX/test/data/48.jpg", duration 29029 
value of width and height 2048, 2048
Thread (device 1) finished decoding image "/home/jiacma/new-NEX/test/data/37.jpg", duration 119138 
value of width and height 2048, 2048
Thread (device 3) finished decoding image "/home/jiacma/new-NEX/test/data/6.jpg", duration 22153 
value of width and height 697, 697
Thread (device 4) finished post_processing, duration 33001 
Successfully loaded image with size: 210739
Thread (device 4) decoding image "/home/jiacma/new-NEX/test/data/8.jpg"
Decoding JPEG
Addr: 130419034947584
Dst: 0x769d8c433733
Size: 2147694387
Thread (device 3) finished post_processing, duration 3072 
Successfully loaded image with size: 79929
Thread (device 3) decoding image "/home/jiacma/new-NEX/test/data/9.jpg"
Decoding JPEG
Addr: 130419571818496
Dst: 0x769dac413839
Size: 2147563577
Thread (device 6) finished post_processing, duration 30807 
Thread (device 7) finished post_processing, duration 29987 
Thread (device 3) finished decoding image "/home/jiacma/new-NEX/test/data/9.jpg", duration 4834 
value of width and height 799, 799
Thread (device 2) finished post_processing, duration 28335 
Thread (device 3) finished post_processing, duration 3704 
Thread (device 1) finished post_processing, duration 31825 
Thread (device 4) finished decoding image "/home/jiacma/new-NEX/test/data/8.jpg", duration 35037 
value of width and height 2048, 2048
Thread (device 5) finished decoding image "/home/jiacma/new-NEX/test/data/49.jpg", duration 111941 
value of width and height 2048, 2048
Thread (device 4) finished post_processing, duration 31554 
Thread (device 5) finished post_processing, duration 31071 
Thread (device 0) finished decoding image "/home/jiacma/new-NEX/test/data/52.jpg", duration 331716 
value of width and height 2048, 2048
Thread (device 0) finished post_processing, duration 22712 
Decoding succeeded
end time 480899
Time taken 480842 us
Real latency 147.014552
init /nex_mmio_regions
init jpeg_nex_dma_0
init jpeg_nex_dma_1
init jpeg_nex_dma_2
init jpeg_nex_dma_3
init jpeg_nex_dma_4
init jpeg_nex_dma_5
init jpeg_nex_dma_6
init jpeg_nex_dma_7
PID 1488109 written to BPF map

===
Execution time (ms): 147019
Error upper bound (us): 0
===
EXIT: Scheduler unregistered from user space
