Error finding BPF map /sys/fs/bpf/from_nex_runtime_event_q
Error finding BPF map /sys/fs/bpf/to_nex_runtime_event_q
shm_path: /nex_mmio_regions
/nex_mmio_regions sb.st_size: 163840
Memory mapped at address 0x74e006c18000, size 163840 bytes.
LD_PRELOAD
Using 4 threads
jpeg driver shm_path: /nex_mmio_regions
/nex_mmio_regions sb.st_size: 163840
Memory mapped at address 0x74e0069d8000, size 163840 bytes.
device not set, defaults to 0
jpeg driver sched_reg->lock 0
jpeg driver sched_reg->unlock 0
jpeg driver shm_path: jpeg_nex_dma_0
jpeg_nex_dma_0 sb.st_size: 536870912
Memory mapped at address 0x74de09a00000, size 536870912 bytes.
jpeg driver shm_path: jpeg_nex_dma_1
jpeg_nex_dma_1 sb.st_size: 536870912
Memory mapped at address 0x74dde9a00000, size 536870912 bytes.
jpeg driver shm_path: jpeg_nex_dma_2
jpeg_nex_dma_2 sb.st_size: 536870912
Memory mapped at address 0x74ddc9a00000, size 536870912 bytes.
jpeg driver shm_path: jpeg_nex_dma_3
jpeg_nex_dma_3 sb.st_size: 536870912
Memory mapped at address 0x74dda9a00000, size 536870912 bytes.
start time 35
Successfully loaded image with size: 26528
Thread (device 0) decoding image "/home/jiacma/new-NEX/test/data/1.jpg"
Decoding JPEG
Addr: 128496993042432
Dst: 0x74de09a067a0
Size: 2147510176
Successfully loaded image with size: 115869
Thread (device 1) decoding image "/home/jiacma/new-NEX/test/data/13.jpg"
Decoding JPEG
Successfully loaded image with size: 71219
Addr: 128496456171520
Thread (device 3) decoding image "/home/jiacma/new-NEX/test/data/15.jpg"
Dst: 0x74dde9a1c49d
Size: 2147599517
Decoding JPEG
Addr: 128495382429696
Successfully loaded image with size: 185624
Dst: 0x74dda9a11633
Thread (device 2) decoding image "/home/jiacma/new-NEX/test/data/14.jpg"
Size: 2147554867
Decoding JPEG
Addr: 128495919300608
Dst: 0x74ddc9a2d518
Size: 2147669272
Thread (device 0) finished decoding image "/home/jiacma/new-NEX/test/data/1.jpg", duration 5239 
value of width and height 265, 265
Thread (device 0) finished post_processing, duration 475 
Successfully loaded image with size: 82537
Thread (device 0) decoding image "/home/jiacma/new-NEX/test/data/16.jpg"
Decoding JPEG
Addr: 128496993042432
Dst: 0x74de09a14269
Size: 2147566185
Thread (device 3) finished decoding image "/home/jiacma/new-NEX/test/data/15.jpg", duration 6845 
value of width and height 712, 712
Thread (device 3) finished post_processing, duration 3790 
Successfully loaded image with size: 17137
Thread (device 3) decoding image "/home/jiacma/new-NEX/test/data/20.jpg"
Decoding JPEG
Addr: 128495382429696
Dst: 0x74dda9a042f1
Size: 2147500785
Thread (device 3) finished decoding image "/home/jiacma/new-NEX/test/data/20.jpg", duration 2019 
value of width and height 171, 171
Thread (device 3) finished post_processing, duration 241 
Successfully loaded image with size: 68385
Thread (device 3) decoding image "/home/jiacma/new-NEX/test/data/21.jpg"
Decoding JPEG
Addr: 128495382429696
Dst: 0x74dda9a10b21
Size: 2147552033
Thread (device 0) finished decoding image "/home/jiacma/new-NEX/test/data/16.jpg", duration 8052 
value of width and height 825, 825
Thread (device 3) finished decoding image "/home/jiacma/new-NEX/test/data/21.jpg", duration 4035 
value of width and height 683, 683
Thread (device 0) finished post_processing, duration 4696 
Successfully loaded image with size: 38245
Thread (device 0) decoding image "/home/jiacma/new-NEX/test/data/22.jpg"
Decoding JPEG
Addr: 128496993042432
Dst: 0x74de09a09565
Size: 2147521893
Thread (device 3) finished post_processing, duration 3298 
Successfully loaded image with size: 62344
Thread (device 3) decoding image "/home/jiacma/new-NEX/test/data/23.jpg"
Decoding JPEG
Addr: 128495382429696
Dst: 0x74dda9a0f388
Size: 2147545992
Thread (device 1) finished decoding image "/home/jiacma/new-NEX/test/data/13.jpg", duration 23011 
value of width and height 1158, 1158
Thread (device 0) finished decoding image "/home/jiacma/new-NEX/test/data/22.jpg", duration 4845 
value of width and height 382, 382
Thread (device 0) finished post_processing, duration 1024 
Successfully loaded image with size: 11863
Thread (device 0) decoding image "/home/jiacma/new-NEX/test/data/24.jpg"
Decoding JPEG
Addr: 128496993042432
Dst: 0x74de09a02e57
Size: 2147495511
Thread (device 0) finished decoding image "/home/jiacma/new-NEX/test/data/24.jpg", duration 2027 
value of width and height 118, 118
Thread (device 0) finished post_processing, duration 111 
Successfully loaded image with size: 198700
Thread (device 0) decoding image "/home/jiacma/new-NEX/test/data/25.jpg"
Decoding JPEG
Addr: 128496993042432
Dst: 0x74de09a3082c
Size: 2147682348
Thread (device 3) finished decoding image "/home/jiacma/new-NEX/test/data/23.jpg", duration 7669 
value of width and height 623, 623
Thread (device 3) finished post_processing, duration 2638 
Successfully loaded image with size: 166774
Thread (device 3) decoding image "/home/jiacma/new-NEX/test/data/26.jpg"
Decoding JPEG
Addr: 128495382429696
Dst: 0x74dda9a28b76
Size: 2147650422
Thread (device 1) finished post_processing, duration 11810 
Successfully loaded image with size: 24212
Thread (device 1) decoding image "/home/jiacma/new-NEX/test/data/27.jpg"
Decoding JPEG
Addr: 128496456171520
Dst: 0x74dde9a05e94
Size: 2147507860
Thread (device 1) finished decoding image "/home/jiacma/new-NEX/test/data/27.jpg", duration 2023 
value of width and height 242, 242
Thread (device 1) finished post_processing, duration 536 
Successfully loaded image with size: 880207
Thread (device 1) decoding image "/home/jiacma/new-NEX/test/data/29.jpg"
Decoding JPEG
Addr: 128496456171520
Dst: 0x74dde9ad6e4f
Size: 2148363855
Thread (device 2) finished decoding image "/home/jiacma/new-NEX/test/data/14.jpg", duration 40309 
value of width and height 1856, 1856
Thread (device 3) finished decoding image "/home/jiacma/new-NEX/test/data/26.jpg", duration 25001 
value of width and height 1667, 1667
Thread (device 2) finished post_processing, duration 23111 
Successfully loaded image with size: 181957
Thread (device 2) decoding image "/home/jiacma/new-NEX/test/data/32.jpg"
Decoding JPEG
Addr: 128495919300608
Dst: 0x74ddc9a2c6c5
Size: 2147665605
Thread (device 0) finished decoding image "/home/jiacma/new-NEX/test/data/25.jpg", duration 39515 
value of width and height 1987, 1987
Thread (device 3) finished post_processing, duration 20772 
Successfully loaded image with size: 112308
Thread (device 3) decoding image "/home/jiacma/new-NEX/test/data/33.jpg"
Decoding JPEG
Addr: 128495382429696
Dst: 0x74dda9a1b6b4
Size: 2147595956
Thread (device 3) finished decoding image "/home/jiacma/new-NEX/test/data/33.jpg", duration 10086 
value of width and height 1123, 1123
Thread (device 2) finished decoding image "/home/jiacma/new-NEX/test/data/32.jpg", duration 23379 
value of width and height 1819, 1819
Thread (device 0) finished post_processing, duration 27369 
Successfully loaded image with size: 120907
Thread (device 0) decoding image "/home/jiacma/new-NEX/test/data/34.jpg"
Decoding JPEG
Addr: 128496993042432
Dst: 0x74de09a1d84b
Size: 2147604555
Thread (device 3) finished post_processing, duration 9424 
Successfully loaded image with size: 246328
Thread (device 3) decoding image "/home/jiacma/new-NEX/test/data/36.jpg"
Decoding JPEG
Addr: 128495382429696
Dst: 0x74dda9a3c238
Size: 2147729976
Thread (device 1) finished decoding image "/home/jiacma/new-NEX/test/data/29.jpg", duration 59699 
value of width and height 2048, 2048
Thread (device 2) finished post_processing, duration 23055 
Successfully loaded image with size: 499064
Thread (device 2) decoding image "/home/jiacma/new-NEX/test/data/37.jpg"
Decoding JPEG
Addr: 128495919300608
Dst: 0x74ddc9a79d78
Size: 2147982712
Thread (device 3) finished decoding image "/home/jiacma/new-NEX/test/data/36.jpg", duration 21386 
value of width and height 2048, 2048
Thread (device 0) finished decoding image "/home/jiacma/new-NEX/test/data/34.jpg", duration 24179 
value of width and height 1209, 1209
Thread (device 0) finished post_processing, duration 8942 
Successfully loaded image with size: 877570
Thread (device 0) decoding image "/home/jiacma/new-NEX/test/data/39.jpg"
Decoding JPEG
Addr: 128496993042432
Dst: 0x74de09ad6402
Size: 2148361218
Thread (device 1) finished post_processing, duration 35468 
Successfully loaded image with size: 468086
Thread (device 1) decoding image "/home/jiacma/new-NEX/test/data/40.jpg"
Decoding JPEG
Addr: 128496456171520
Dst: 0x74dde9a72476
Size: 2147951734
Thread (device 3) finished post_processing, duration 29840 
Successfully loaded image with size: 111871
Thread (device 3) decoding image "/home/jiacma/new-NEX/test/data/41.jpg"
Decoding JPEG
Addr: 128495382429696
Dst: 0x74dda9a1b4ff
Size: 2147595519
Thread (device 3) finished decoding image "/home/jiacma/new-NEX/test/data/41.jpg", duration 13711 
value of width and height 1118, 1118
Thread (device 3) finished post_processing, duration 9420 
Successfully loaded image with size: 149973
Thread (device 3) decoding image "/home/jiacma/new-NEX/test/data/42.jpg"
Decoding JPEG
Addr: 128495382429696
Dst: 0x74dda9a249d5
Size: 2147633621
Thread (device 1) finished decoding image "/home/jiacma/new-NEX/test/data/40.jpg", duration 44401 
value of width and height 2048, 2048
Thread (device 3) finished decoding image "/home/jiacma/new-NEX/test/data/42.jpg", duration 27441 
value of width and height 1499, 1499
Thread (device 0) finished decoding image "/home/jiacma/new-NEX/test/data/39.jpg", duration 73351 
value of width and height 2048, 2048
Thread (device 1) finished post_processing, duration 36561 
Successfully loaded image with size: 394626
Thread (device 1) decoding image "/home/jiacma/new-NEX/test/data/43.jpg"
Decoding JPEG
Addr: 128496456171520
Dst: 0x74dde9a60582
Size: 2147878274
Thread (device 3) finished post_processing, duration 16515 
Successfully loaded image with size: 90101
Thread (device 3) decoding image "/home/jiacma/new-NEX/test/data/44.jpg"
Decoding JPEG
Addr: 128495382429696
Dst: 0x74dda9a15ff5
Size: 2147573749
Thread (device 2) finished decoding image "/home/jiacma/new-NEX/test/data/37.jpg", duration 114467 
value of width and height 2048, 2048
Thread (device 0) finished post_processing, duration 28830 
Successfully loaded image with size: 91925
Thread (device 0) decoding image "/home/jiacma/new-NEX/test/data/45.jpg"
Decoding JPEG
Addr: 128496993042432
Dst: 0x74de09a16715
Size: 2147575573
Thread (device 3) finished decoding image "/home/jiacma/new-NEX/test/data/44.jpg", duration 23808 
value of width and height 901, 901
Thread (device 0) finished decoding image "/home/jiacma/new-NEX/test/data/45.jpg", duration 11697 
value of width and height 919, 919
Thread (device 3) finished post_processing, duration 6079 
Successfully loaded image with size: 80142
Thread (device 3) decoding image "/home/jiacma/new-NEX/test/data/46.jpg"
Decoding JPEG
Addr: 128495382429696
Dst: 0x74dda9a1390e
Size: 2147563790
Thread (device 0) finished post_processing, duration 6604 
Successfully loaded image with size: 456473
Thread (device 0) decoding image "/home/jiacma/new-NEX/test/data/47.jpg"
Decoding JPEG
Addr: 128496993042432
Dst: 0x74de09a6f719
Size: 2147940121
Thread (device 3) finished decoding image "/home/jiacma/new-NEX/test/data/46.jpg", duration 8072 
value of width and height 801, 801
Thread (device 2) finished post_processing, duration 29217 
Successfully loaded image with size: 299424
Thread (device 2) decoding image "/home/jiacma/new-NEX/test/data/48.jpg"
Decoding JPEG
Addr: 128495919300608
Dst: 0x74ddc9a491a0
Size: 2147783072
Thread (device 3) finished post_processing, duration 4657 
Successfully loaded image with size: 2036780
Thread (device 3) decoding image "/home/jiacma/new-NEX/test/data/49.jpg"
Decoding JPEG
Addr: 128495382429696
Dst: 0x74dda9bf142c
Size: 2149520428
Thread (device 1) finished decoding image "/home/jiacma/new-NEX/test/data/43.jpg", duration 54457 
value of width and height 2048, 2048
Thread (device 0) finished decoding image "/home/jiacma/new-NEX/test/data/47.jpg", duration 28621 
value of width and height 2048, 2048
Thread (device 2) finished decoding image "/home/jiacma/new-NEX/test/data/48.jpg", duration 27818 
value of width and height 2048, 2048
Thread (device 0) finished post_processing, duration 28852 
Successfully loaded image with size: 59410
Thread (device 1) finished post_processing, duration 36483 
Thread (device 0) decoding image "/home/jiacma/new-NEX/test/data/5.jpg"
Decoding JPEG
Addr: 128496993042432
Successfully loaded image with size: 109529
Thread (device 1) decoding image "/home/jiacma/new-NEX/test/data/51.jpg"
Dst: 0x74de09a0e812
Size: 2147543058
Decoding JPEG
Addr: 128496456171520
Dst: 0x74dde9a1abd9
Size: 2147593177
Thread (device 0) finished decoding image "/home/jiacma/new-NEX/test/data/5.jpg", duration 5237 
value of width and height 594, 594
Thread (device 2) finished post_processing, duration 29393 
Successfully loaded image with size: 1975045
Thread (device 2) decoding image "/home/jiacma/new-NEX/test/data/52.jpg"
Decoding JPEG
Addr: 128495919300608
Dst: 0x74ddc9be2305
Size: 2149458693
Thread (device 0) finished post_processing, duration 2741 
Successfully loaded image with size: 69725
Thread (device 0) decoding image "/home/jiacma/new-NEX/test/data/6.jpg"
Decoding JPEG
Addr: 128496993042432
Dst: 0x74de09a1105d
Size: 2147553373
Thread (device 1) finished decoding image "/home/jiacma/new-NEX/test/data/51.jpg", duration 8049 
value of width and height 1095, 1095
Thread (device 1) finished post_processing, duration 9329 
Successfully loaded image with size: 210739
Thread (device 1) decoding image "/home/jiacma/new-NEX/test/data/8.jpg"
Decoding JPEG
Addr: 128496456171520
Dst: 0x74dde9a33733
Size: 2147694387
Thread (device 0) finished decoding image "/home/jiacma/new-NEX/test/data/6.jpg", duration 21761 
value of width and height 697, 697
Thread (device 0) finished post_processing, duration 3126 
Successfully loaded image with size: 79929
Thread (device 0) decoding image "/home/jiacma/new-NEX/test/data/9.jpg"
Decoding JPEG
Addr: 128496993042432
Dst: 0x74de09a13839
Size: 2147563577
Thread (device 0) finished decoding image "/home/jiacma/new-NEX/test/data/9.jpg", duration 4836 
value of width and height 799, 799
Thread (device 0) finished post_processing, duration 4053 
Thread (device 1) finished decoding image "/home/jiacma/new-NEX/test/data/8.jpg", duration 35490 
value of width and height 2048, 2048
Thread (device 3) finished decoding image "/home/jiacma/new-NEX/test/data/49.jpg", duration 108861 
value of width and height 2048, 2048
Thread (device 1) finished post_processing, duration 34517 
Thread (device 3) finished post_processing, duration 29661 
Thread (device 2) finished decoding image "/home/jiacma/new-NEX/test/data/52.jpg", duration 319078 
value of width and height 2048, 2048
Thread (device 2) finished post_processing, duration 23488 
Decoding succeeded
end time 653639
Time taken 653604 us
Real latency 817.898002
init /nex_mmio_regions
init jpeg_nex_dma_0
init jpeg_nex_dma_1
init jpeg_nex_dma_2
init jpeg_nex_dma_3
PID 1494206 written to BPF map

===
Execution time (ms): 817901
Error upper bound (us): 0
===
EXIT: Scheduler unregistered from user space
