Error finding BPF map /sys/fs/bpf/from_nex_runtime_event_q
Error finding BPF map /sys/fs/bpf/to_nex_runtime_event_q
shm_path: /nex_mmio_regions
/nex_mmio_regions sb.st_size: 163840
Memory mapped at address 0x7d4cc8886000, size 163840 bytes.
LD_PRELOAD
Using 2 threads
jpeg driver shm_path: /nex_mmio_regions
/nex_mmio_regions sb.st_size: 163840
Memory mapped at address 0x7d4cc885e000, size 163840 bytes.
device not set, defaults to 0
jpeg driver sched_reg->lock 0
jpeg driver sched_reg->unlock 0
jpeg driver shm_path: jpeg_nex_dma_0
jpeg_nex_dma_0 sb.st_size: 536870912
Memory mapped at address 0x7d4acb600000, size 536870912 bytes.
jpeg driver shm_path: jpeg_nex_dma_1
jpeg_nex_dma_1 sb.st_size: 536870912
Memory mapped at address 0x7d4aab600000, size 536870912 bytes.
start time 32
Successfully loaded image with size: 26528
Thread (device 0) decoding image "/home/jiacma/new-NEX/test/data/1.jpg"
Decoding JPEG
Addr: 137760193118208
Dst: 0x7d4acb6067a0
Size: 2147510176
Successfully loaded image with size: 115869
Thread (device 1) decoding image "/home/jiacma/new-NEX/test/data/13.jpg"
Decoding JPEG
Addr: 137759656247296
Dst: 0x7d4aab61c49d
Size: 2147599517
Thread (device 0) finished decoding image "/home/jiacma/new-NEX/test/data/1.jpg", duration 4850 
value of width and height 265, 265
Thread (device 0) finished post_processing, duration 572 
Successfully loaded image with size: 185624
Thread (device 0) decoding image "/home/jiacma/new-NEX/test/data/14.jpg"
Decoding JPEG
Addr: 137760193118208
Dst: 0x7d4acb62d518
Size: 2147669272
Thread (device 1) finished decoding image "/home/jiacma/new-NEX/test/data/13.jpg", duration 24166 
value of width and height 1158, 1158
Thread (device 1) finished post_processing, duration 10849 
Successfully loaded image with size: 71219
Thread (device 1) decoding image "/home/jiacma/new-NEX/test/data/15.jpg"
Decoding JPEG
Addr: 137759656247296
Dst: 0x7d4aab611633
Size: 2147554867
Thread (device 1) finished decoding image "/home/jiacma/new-NEX/test/data/15.jpg", duration 6845 
value of width and height 712, 712
Thread (device 1) finished post_processing, duration 4068 
Successfully loaded image with size: 82537
Thread (device 1) decoding image "/home/jiacma/new-NEX/test/data/16.jpg"
Decoding JPEG
Addr: 137759656247296
Dst: 0x7d4aab614269
Size: 2147566185
Thread (device 0) finished decoding image "/home/jiacma/new-NEX/test/data/14.jpg", duration 41096 
value of width and height 1856, 1856
Thread (device 1) finished decoding image "/home/jiacma/new-NEX/test/data/16.jpg", duration 8043 
value of width and height 825, 825
Thread (device 1) finished post_processing, duration 4805 
Successfully loaded image with size: 17137
Thread (device 1) decoding image "/home/jiacma/new-NEX/test/data/20.jpg"
Decoding JPEG
Addr: 137759656247296
Dst: 0x7d4aab6042f1
Size: 2147500785
Thread (device 1) finished decoding image "/home/jiacma/new-NEX/test/data/20.jpg", duration 2009 
value of width and height 171, 171
Thread (device 1) finished post_processing, duration 238 
Successfully loaded image with size: 68385
Thread (device 1) decoding image "/home/jiacma/new-NEX/test/data/21.jpg"
Decoding JPEG
Addr: 137759656247296
Dst: 0x7d4aab610b21
Size: 2147552033
Thread (device 1) finished decoding image "/home/jiacma/new-NEX/test/data/21.jpg", duration 4025 
value of width and height 683, 683
Thread (device 1) finished post_processing, duration 3365 
Successfully loaded image with size: 38245
Thread (device 1) decoding image "/home/jiacma/new-NEX/test/data/22.jpg"
Decoding JPEG
Addr: 137759656247296
Dst: 0x7d4aab609565
Size: 2147521893
Thread (device 1) finished decoding image "/home/jiacma/new-NEX/test/data/22.jpg", duration 4833 
value of width and height 382, 382
Thread (device 0) finished post_processing, duration 27773 
Successfully loaded image with size: 62344
Thread (device 0) decoding image "/home/jiacma/new-NEX/test/data/23.jpg"
Decoding JPEG
Addr: 137760193118208
Dst: 0x7d4acb60f388
Size: 2147545992
Thread (device 1) finished post_processing, duration 1010 
Successfully loaded image with size: 11863
Thread (device 1) decoding image "/home/jiacma/new-NEX/test/data/24.jpg"
Decoding JPEG
Addr: 137759656247296
Dst: 0x7d4aab602e57
Size: 2147495511
Thread (device 1) finished decoding image "/home/jiacma/new-NEX/test/data/24.jpg", duration 1624 
value of width and height 118, 118
Thread (device 1) finished post_processing, duration 116 
Successfully loaded image with size: 198700
Thread (device 1) decoding image "/home/jiacma/new-NEX/test/data/25.jpg"
Decoding JPEG
Addr: 137759656247296
Dst: 0x7d4aab63082c
Size: 2147682348
Thread (device 0) finished decoding image "/home/jiacma/new-NEX/test/data/23.jpg", duration 7267 
value of width and height 623, 623
Thread (device 0) finished post_processing, duration 3134 
Successfully loaded image with size: 166774
Thread (device 0) decoding image "/home/jiacma/new-NEX/test/data/26.jpg"
Decoding JPEG
Addr: 137760193118208
Dst: 0x7d4acb628b76
Size: 2147650422
Thread (device 0) finished decoding image "/home/jiacma/new-NEX/test/data/26.jpg", duration 25008 
value of width and height 1667, 1667
Thread (device 1) finished decoding image "/home/jiacma/new-NEX/test/data/25.jpg", duration 39055 
value of width and height 1987, 1987
Thread (device 0) finished post_processing, duration 20541 
Successfully loaded image with size: 24212
Thread (device 0) decoding image "/home/jiacma/new-NEX/test/data/27.jpg"
Decoding JPEG
Addr: 137760193118208
Dst: 0x7d4acb605e94
Size: 2147507860
Thread (device 0) finished decoding image "/home/jiacma/new-NEX/test/data/27.jpg", duration 2020 
value of width and height 242, 242
Thread (device 0) finished post_processing, duration 526 
Successfully loaded image with size: 880207
Thread (device 0) decoding image "/home/jiacma/new-NEX/test/data/29.jpg"
Decoding JPEG
Addr: 137760193118208
Dst: 0x7d4acb6d6e4f
Size: 2148363855
Thread (device 1) finished post_processing, duration 31683 
Successfully loaded image with size: 181957
Thread (device 1) decoding image "/home/jiacma/new-NEX/test/data/32.jpg"
Decoding JPEG
Addr: 137759656247296
Dst: 0x7d4aab62c6c5
Size: 2147665605
Thread (device 1) finished decoding image "/home/jiacma/new-NEX/test/data/32.jpg", duration 23342 
value of width and height 1819, 1819
Thread (device 0) finished decoding image "/home/jiacma/new-NEX/test/data/29.jpg", duration 60397 
value of width and height 2048, 2048
Thread (device 1) finished post_processing, duration 26500 
Successfully loaded image with size: 112308
Thread (device 1) decoding image "/home/jiacma/new-NEX/test/data/33.jpg"
Decoding JPEG
Addr: 137759656247296
Dst: 0x7d4aab61b6b4
Size: 2147595956
Thread (device 1) finished decoding image "/home/jiacma/new-NEX/test/data/33.jpg", duration 9654 
value of width and height 1123, 1123
Thread (device 1) finished post_processing, duration 10155 
Successfully loaded image with size: 120907
Thread (device 1) decoding image "/home/jiacma/new-NEX/test/data/34.jpg"
Decoding JPEG
Addr: 137759656247296
Dst: 0x7d4aab61d84b
Size: 2147604555
Thread (device 0) finished post_processing, duration 33599 
Successfully loaded image with size: 246328
Thread (device 0) decoding image "/home/jiacma/new-NEX/test/data/36.jpg"
Decoding JPEG
Addr: 137760193118208
Dst: 0x7d4acb63c238
Size: 2147729976
Thread (device 1) finished decoding image "/home/jiacma/new-NEX/test/data/34.jpg", duration 24152 
value of width and height 1209, 1209
Thread (device 0) finished decoding image "/home/jiacma/new-NEX/test/data/36.jpg", duration 20955 
value of width and height 2048, 2048
Thread (device 1) finished post_processing, duration 11524 
Successfully loaded image with size: 499064
Thread (device 1) decoding image "/home/jiacma/new-NEX/test/data/37.jpg"
Decoding JPEG
Addr: 137759656247296
Dst: 0x7d4aab679d78
Size: 2147982712
Thread (device 0) finished post_processing, duration 32906 
Successfully loaded image with size: 877570
Thread (device 0) decoding image "/home/jiacma/new-NEX/test/data/39.jpg"
Decoding JPEG
Addr: 137760193118208
Dst: 0x7d4acb6d6402
Size: 2148361218
Thread (device 0) finished decoding image "/home/jiacma/new-NEX/test/data/39.jpg", duration 73762 
value of width and height 2048, 2048
Thread (device 1) finished decoding image "/home/jiacma/new-NEX/test/data/37.jpg", duration 117085 
value of width and height 2048, 2048
Thread (device 0) finished post_processing, duration 32140 
Successfully loaded image with size: 468086
Thread (device 0) decoding image "/home/jiacma/new-NEX/test/data/40.jpg"
Decoding JPEG
Addr: 137760193118208
Dst: 0x7d4acb672476
Size: 2147951734
Thread (device 1) finished post_processing, duration 32475 
Successfully loaded image with size: 111871
Thread (device 1) decoding image "/home/jiacma/new-NEX/test/data/41.jpg"
Decoding JPEG
Addr: 137759656247296
Dst: 0x7d4aab61b4ff
Size: 2147595519
Thread (device 1) finished decoding image "/home/jiacma/new-NEX/test/data/41.jpg", duration 13698 
value of width and height 1118, 1118
Thread (device 1) finished post_processing, duration 9990 
Successfully loaded image with size: 149973
Thread (device 1) decoding image "/home/jiacma/new-NEX/test/data/42.jpg"
Decoding JPEG
Addr: 137759656247296
Dst: 0x7d4aab6249d5
Size: 2147633621
Thread (device 0) finished decoding image "/home/jiacma/new-NEX/test/data/40.jpg", duration 43892 
value of width and height 2048, 2048
Thread (device 1) finished decoding image "/home/jiacma/new-NEX/test/data/42.jpg", duration 26937 
value of width and height 1499, 1499
Thread (device 0) finished post_processing, duration 32258 
Successfully loaded image with size: 394626
Thread (device 0) decoding image "/home/jiacma/new-NEX/test/data/43.jpg"
Decoding JPEG
Addr: 137760193118208
Dst: 0x7d4acb660582
Size: 2147878274
Thread (device 1) finished post_processing, duration 17901 
Successfully loaded image with size: 90101
Thread (device 1) decoding image "/home/jiacma/new-NEX/test/data/44.jpg"
Decoding JPEG
Addr: 137759656247296
Dst: 0x7d4aab615ff5
Size: 2147573749
Thread (device 1) finished decoding image "/home/jiacma/new-NEX/test/data/44.jpg", duration 23758 
value of width and height 901, 901
Thread (device 1) finished post_processing, duration 6477 
Successfully loaded image with size: 91925
Thread (device 1) decoding image "/home/jiacma/new-NEX/test/data/45.jpg"
Decoding JPEG
Addr: 137759656247296
Dst: 0x7d4aab616715
Size: 2147575573
Thread (device 1) finished decoding image "/home/jiacma/new-NEX/test/data/45.jpg", duration 11692 
value of width and height 919, 919
Thread (device 0) finished decoding image "/home/jiacma/new-NEX/test/data/43.jpg", duration 53578 
value of width and height 2048, 2048
Thread (device 1) finished post_processing, duration 6164 
Successfully loaded image with size: 80142
Thread (device 1) decoding image "/home/jiacma/new-NEX/test/data/46.jpg"
Decoding JPEG
Addr: 137759656247296
Dst: 0x7d4aab61390e
Size: 2147563790
Thread (device 1) finished decoding image "/home/jiacma/new-NEX/test/data/46.jpg", duration 7644 
value of width and height 801, 801
Thread (device 1) finished post_processing, duration 4384 
Successfully loaded image with size: 456473
Thread (device 1) decoding image "/home/jiacma/new-NEX/test/data/47.jpg"
Decoding JPEG
Addr: 137759656247296
Dst: 0x7d4aab66f719
Size: 2147940121
Thread (device 0) finished post_processing, duration 33650 
Successfully loaded image with size: 299424
Thread (device 0) decoding image "/home/jiacma/new-NEX/test/data/48.jpg"
Decoding JPEG
Addr: 137760193118208
Dst: 0x7d4acb6491a0
Size: 2147783072
Thread (device 1) finished decoding image "/home/jiacma/new-NEX/test/data/47.jpg", duration 28162 
value of width and height 2048, 2048
Thread (device 0) finished decoding image "/home/jiacma/new-NEX/test/data/48.jpg", duration 27384 
value of width and height 2048, 2048
Thread (device 1) finished post_processing, duration 33422 
Successfully loaded image with size: 2036780
Thread (device 1) decoding image "/home/jiacma/new-NEX/test/data/49.jpg"
Decoding JPEG
Addr: 137759656247296
Dst: 0x7d4aab7f142c
Size: 2149520428
Thread (device 0) finished post_processing, duration 33557 
Successfully loaded image with size: 59410
Thread (device 0) decoding image "/home/jiacma/new-NEX/test/data/5.jpg"
Decoding JPEG
Addr: 137760193118208
Dst: 0x7d4acb60e812
Size: 2147543058
Thread (device 0) finished decoding image "/home/jiacma/new-NEX/test/data/5.jpg", duration 4842 
value of width and height 594, 594
Thread (device 0) finished post_processing, duration 2966 
Successfully loaded image with size: 109529
Thread (device 0) decoding image "/home/jiacma/new-NEX/test/data/51.jpg"
Decoding JPEG
Addr: 137760193118208
Dst: 0x7d4acb61abd9
Size: 2147593177
Thread (device 0) finished decoding image "/home/jiacma/new-NEX/test/data/51.jpg", duration 8063 
value of width and height 1095, 1095
Thread (device 0) finished post_processing, duration 9203 
Successfully loaded image with size: 1975045
Thread (device 0) decoding image "/home/jiacma/new-NEX/test/data/52.jpg"
Decoding JPEG
Addr: 137760193118208
Dst: 0x7d4acb7e2305
Size: 2149458693
Thread (device 1) finished decoding image "/home/jiacma/new-NEX/test/data/49.jpg", duration 109488 
value of width and height 2048, 2048
Thread (device 1) finished post_processing, duration 32600 
Successfully loaded image with size: 69725
Thread (device 1) decoding image "/home/jiacma/new-NEX/test/data/6.jpg"
Decoding JPEG
Addr: 137759656247296
Dst: 0x7d4aab61105d
Size: 2147553373
Thread (device 1) finished decoding image "/home/jiacma/new-NEX/test/data/6.jpg", duration 21355 
value of width and height 697, 697
Thread (device 1) finished post_processing, duration 3868 
Successfully loaded image with size: 210739
Thread (device 1) decoding image "/home/jiacma/new-NEX/test/data/8.jpg"
Decoding JPEG
Addr: 137759656247296
Dst: 0x7d4aab633733
Size: 2147694387
Thread (device 1) finished decoding image "/home/jiacma/new-NEX/test/data/8.jpg", duration 36235 
value of width and height 2048, 2048
Thread (device 1) finished post_processing, duration 33211 
Successfully loaded image with size: 79929
Thread (device 1) decoding image "/home/jiacma/new-NEX/test/data/9.jpg"
Decoding JPEG
Addr: 137759656247296
Dst: 0x7d4aab613839
Size: 2147563577
Thread (device 1) finished decoding image "/home/jiacma/new-NEX/test/data/9.jpg", duration 4832 
value of width and height 799, 799
Thread (device 1) finished post_processing, duration 5111 
Thread (device 0) finished decoding image "/home/jiacma/new-NEX/test/data/52.jpg", duration 331241 
value of width and height 2048, 2048
Thread (device 0) finished post_processing, duration 21665 
Decoding succeeded
end time 989302
Time taken 989270 us
Real latency 195.106645
init /nex_mmio_regions
init jpeg_nex_dma_0
init jpeg_nex_dma_1
PID 1486861 written to BPF map

===
Execution time (ms): 195109
Error upper bound (us): 0
===
EXIT: Scheduler unregistered from user space
